<?xml version="1.0" encoding="UTF-8"?>
<!-- Generated by org.testng.reporters.JUnitReportReporter -->
<testsuite hostname="DESKTOP-PJIDFBG" failures="0" tests="2" name="tests.LoginTest" time="4.959" errors="0" timestamp="2022-09-12T17:33:48 IST" skipped="0">
  <testcase classname="tests.LoginTest" name="login" time="4.770"/>
  <system-out/>
  <testcase classname="tests.LoginTest" name="verifyLoginButton" time="0.189"/>
  <system-out/>
</testsuite> <!-- tests.LoginTest -->
