<?xml version="1.0" encoding="UTF-8"?>
<!-- Generated by org.testng.reporters.JUnitReportReporter -->
<testsuite hostname="DESKTOP-PJIDFBG" failures="0" tests="1" name="tests.HomePageTest" time="2.054" errors="0" timestamp="2022-09-12T17:33:48 IST" skipped="0">
  <testcase classname="tests.HomePageTest" name="logout" time="2.054"/>
  <system-out/>
</testsuite> <!-- tests.HomePageTest -->
